Info: Starting: Create block symbol file (.bsf)
Info: qsys-generate C:\Users\myps3\Documents\Quartus\HDMITest\SD.qsys --block-symbol-file --output-directory=C:\Users\myps3\Documents\Quartus\HDMITest\SD --family="Cyclone IV E" --part=EP4CE22F17C6
Progress: Loading HDMITest/SD.qsys
Progress: Reading input file
Progress: Adding clk_0 [clock_source 18.1]
Progress: Parameterizing module clk_0
Progress: Adding jtag_uart_0 [altera_avalon_jtag_uart 18.1]
Progress: Parameterizing module jtag_uart_0
Progress: Adding nios2_gen2_0 [altera_nios2_gen2 18.1]
Progress: Parameterizing module nios2_gen2_0
Progress: Adding onchip_memory2_0 [altera_avalon_onchip_memory2 18.1]
Progress: Parameterizing module onchip_memory2_0
Progress: Adding sdram [altera_avalon_new_sdram_controller 18.1]
Progress: Parameterizing module sdram
Progress: Building connections
Progress: Parameterizing connections
Progress: Validating
Progress: Done reading input file
Info: SD.jtag_uart_0: JTAG UART IP input clock need to be at least double (2x) the operating frequency of JTAG TCK on board
Info: SD.sdram: SDRAM Controller will only be supported in Quartus Prime Standard Edition in the future release.
Info: qsys-generate succeeded.
Info: Finished: Create block symbol file (.bsf)
Info: 
Info: Starting: Create HDL design files for synthesis
Info: qsys-generate C:\Users\myps3\Documents\Quartus\HDMITest\SD.qsys --synthesis=VERILOG --output-directory=C:\Users\myps3\Documents\Quartus\HDMITest\SD\synthesis --family="Cyclone IV E" --part=EP4CE22F17C6
Progress: Loading HDMITest/SD.qsys
Progress: Reading input file
Progress: Adding clk_0 [clock_source 18.1]
Progress: Parameterizing module clk_0
Progress: Adding jtag_uart_0 [altera_avalon_jtag_uart 18.1]
Progress: Parameterizing module jtag_uart_0
Progress: Adding nios2_gen2_0 [altera_nios2_gen2 18.1]
Progress: Parameterizing module nios2_gen2_0
Progress: Adding onchip_memory2_0 [altera_avalon_onchip_memory2 18.1]
Progress: Parameterizing module onchip_memory2_0
Progress: Adding sdram [altera_avalon_new_sdram_controller 18.1]
Progress: Parameterizing module sdram
Progress: Building connections
Progress: Parameterizing connections
Progress: Validating
Progress: Done reading input file
Info: SD.jtag_uart_0: JTAG UART IP input clock need to be at least double (2x) the operating frequency of JTAG TCK on board
Info: SD.sdram: SDRAM Controller will only be supported in Quartus Prime Standard Edition in the future release.
Info: SD: Generating SD "SD" for QUARTUS_SYNTH
Info: jtag_uart_0: Starting RTL generation for module 'SD_jtag_uart_0'
Info: jtag_uart_0:   Generation command is [exec C:/intelfpga_lite/18.1/quartus/bin64/perl/bin/perl.exe -I C:/intelfpga_lite/18.1/quartus/bin64/perl/lib -I C:/intelfpga_lite/18.1/quartus/sopc_builder/bin/europa -I C:/intelfpga_lite/18.1/quartus/sopc_builder/bin/perl_lib -I C:/intelfpga_lite/18.1/quartus/sopc_builder/bin -I C:/intelfpga_lite/18.1/quartus/../ip/altera/sopc_builder_ip/common -I C:/intelfpga_lite/18.1/quartus/../ip/altera/sopc_builder_ip/altera_avalon_jtag_uart -- C:/intelfpga_lite/18.1/quartus/../ip/altera/sopc_builder_ip/altera_avalon_jtag_uart/generate_rtl.pl --name=SD_jtag_uart_0 --dir=C:/Users/myps3/AppData/Local/Temp/alt8191_3421421913794820630.dir/0060_jtag_uart_0_gen/ --quartus_dir=C:/intelfpga_lite/18.1/quartus --verilog --config=C:/Users/myps3/AppData/Local/Temp/alt8191_3421421913794820630.dir/0060_jtag_uart_0_gen//SD_jtag_uart_0_component_configuration.pl  --do_build_sim=0  ]
Info: jtag_uart_0: Done RTL generation for module 'SD_jtag_uart_0'
Info: jtag_uart_0: "SD" instantiated altera_avalon_jtag_uart "jtag_uart_0"
Info: nios2_gen2_0: "SD" instantiated altera_nios2_gen2 "nios2_gen2_0"
Info: onchip_memory2_0: Starting RTL generation for module 'SD_onchip_memory2_0'
Info: onchip_memory2_0:   Generation command is [exec C:/intelfpga_lite/18.1/quartus/bin64/perl/bin/perl.exe -I C:/intelfpga_lite/18.1/quartus/bin64/perl/lib -I C:/intelfpga_lite/18.1/quartus/sopc_builder/bin/europa -I C:/intelfpga_lite/18.1/quartus/sopc_builder/bin/perl_lib -I C:/intelfpga_lite/18.1/quartus/sopc_builder/bin -I C:/intelfpga_lite/18.1/quartus/../ip/altera/sopc_builder_ip/common -I C:/intelfpga_lite/18.1/quartus/../ip/altera/sopc_builder_ip/altera_avalon_onchip_memory2 -- C:/intelfpga_lite/18.1/quartus/../ip/altera/sopc_builder_ip/altera_avalon_onchip_memory2/generate_rtl.pl --name=SD_onchip_memory2_0 --dir=C:/Users/myps3/AppData/Local/Temp/alt8191_3421421913794820630.dir/0061_onchip_memory2_0_gen/ --quartus_dir=C:/intelfpga_lite/18.1/quartus --verilog --config=C:/Users/myps3/AppData/Local/Temp/alt8191_3421421913794820630.dir/0061_onchip_memory2_0_gen//SD_onchip_memory2_0_component_configuration.pl  --do_build_sim=0  ]
Info: onchip_memory2_0: Done RTL generation for module 'SD_onchip_memory2_0'
Info: onchip_memory2_0: "SD" instantiated altera_avalon_onchip_memory2 "onchip_memory2_0"
Info: sdram: Starting RTL generation for module 'SD_sdram'
Info: sdram:   Generation command is [exec C:/intelfpga_lite/18.1/quartus/bin64/perl/bin/perl.exe -I C:/intelfpga_lite/18.1/quartus/bin64/perl/lib -I C:/intelfpga_lite/18.1/quartus/sopc_builder/bin/europa -I C:/intelfpga_lite/18.1/quartus/sopc_builder/bin/perl_lib -I C:/intelfpga_lite/18.1/quartus/sopc_builder/bin -I C:/intelfpga_lite/18.1/quartus/../ip/altera/sopc_builder_ip/common -I C:/intelfpga_lite/18.1/quartus/../ip/altera/sopc_builder_ip/altera_avalon_new_sdram_controller -- C:/intelfpga_lite/18.1/quartus/../ip/altera/sopc_builder_ip/altera_avalon_new_sdram_controller/generate_rtl.pl --name=SD_sdram --dir=C:/Users/myps3/AppData/Local/Temp/alt8191_3421421913794820630.dir/0062_sdram_gen/ --quartus_dir=C:/intelfpga_lite/18.1/quartus --verilog --config=C:/Users/myps3/AppData/Local/Temp/alt8191_3421421913794820630.dir/0062_sdram_gen//SD_sdram_component_configuration.pl  --do_build_sim=0  ]
Info: sdram: Done RTL generation for module 'SD_sdram'
Info: sdram: "SD" instantiated altera_avalon_new_sdram_controller "sdram"
Info: avalon_st_adapter: Inserting error_adapter: error_adapter_0
Info: avalon_st_adapter_001: Inserting error_adapter: error_adapter_0
Info: avalon_st_adapter_002: Inserting error_adapter: error_adapter_0
Info: avalon_st_adapter_003: Inserting error_adapter: error_adapter_0
Info: mm_interconnect_0: "SD" instantiated altera_mm_interconnect "mm_interconnect_0"
Info: irq_mapper: "SD" instantiated altera_irq_mapper "irq_mapper"
Info: rst_controller: "SD" instantiated altera_reset_controller "rst_controller"
Info: cpu: Starting RTL generation for module 'SD_nios2_gen2_0_cpu'
Info: cpu:   Generation command is [exec C:/intelFPGA_lite/18.1/quartus/bin64//eperlcmd.exe -I C:/intelFPGA_lite/18.1/quartus/bin64//perl/lib -I C:/intelfpga_lite/18.1/quartus/sopc_builder/bin/europa -I C:/intelfpga_lite/18.1/quartus/sopc_builder/bin/perl_lib -I C:/intelfpga_lite/18.1/quartus/sopc_builder/bin -I C:/intelfpga_lite/18.1/quartus/../ip/altera/nios2_ip/altera_nios2_gen2/cpu_lib -I C:/intelfpga_lite/18.1/quartus/../ip/altera/nios2_ip/altera_nios2_gen2/nios_lib -I C:/intelfpga_lite/18.1/quartus/../ip/altera/nios2_ip/altera_nios2_gen2 -I C:/intelfpga_lite/18.1/quartus/../ip/altera/nios2_ip/altera_nios2_gen2 -- C:/intelfpga_lite/18.1/quartus/../ip/altera/nios2_ip/altera_nios2_gen2/generate_rtl.epl --name=SD_nios2_gen2_0_cpu --dir=C:/Users/myps3/AppData/Local/Temp/alt8191_3421421913794820630.dir/0065_cpu_gen/ --quartus_bindir=C:/intelFPGA_lite/18.1/quartus/bin64/ --verilog --config=C:/Users/myps3/AppData/Local/Temp/alt8191_3421421913794820630.dir/0065_cpu_gen//SD_nios2_gen2_0_cpu_processor_configuration.pl  --do_build_sim=0  ]
Info: cpu: # 2019.10.22 15:45:09 (*) Starting Nios II generation
Info: cpu: # 2019.10.22 15:45:09 (*)   Checking for plaintext license.
Info: cpu: # 2019.10.22 15:45:09 (*)   Couldn't query license setup in Quartus directory C:/intelFPGA_lite/18.1/quartus/bin64/
Info: cpu: # 2019.10.22 15:45:09 (*)   Defaulting to contents of LM_LICENSE_FILE environment variable
Info: cpu: # 2019.10.22 15:45:09 (*)   LM_LICENSE_FILE environment variable is empty
Info: cpu: # 2019.10.22 15:45:09 (*)   Plaintext license not found.
Info: cpu: # 2019.10.22 15:45:09 (*)   Checking for encrypted license (non-evaluation).
Info: cpu: # 2019.10.22 15:45:10 (*)   Couldn't query license setup in Quartus directory C:/intelFPGA_lite/18.1/quartus/bin64/
Info: cpu: # 2019.10.22 15:45:10 (*)   Defaulting to contents of LM_LICENSE_FILE environment variable
Info: cpu: # 2019.10.22 15:45:10 (*)   LM_LICENSE_FILE environment variable is empty
Info: cpu: # 2019.10.22 15:45:10 (*)   Encrypted license not found.  Defaulting to OCP evaluation license (produces a time-limited SOF)
Info: cpu: # 2019.10.22 15:45:10 (*)   Elaborating CPU configuration settings
Info: cpu: # 2019.10.22 15:45:10 (*)   Creating all objects for CPU
Info: cpu: # 2019.10.22 15:45:10 (*)     Testbench
Info: cpu: # 2019.10.22 15:45:10 (*)     Instruction decoding
Info: cpu: # 2019.10.22 15:45:10 (*)       Instruction fields
Info: cpu: # 2019.10.22 15:45:10 (*)       Instruction decodes
Info: cpu: # 2019.10.22 15:45:10 (*)       Signals for RTL simulation waveforms
Info: cpu: # 2019.10.22 15:45:10 (*)       Instruction controls
Info: cpu: # 2019.10.22 15:45:10 (*)     Pipeline frontend
Info: cpu: # 2019.10.22 15:45:10 (*)     Pipeline backend
Info: cpu: # 2019.10.22 15:45:12 (*)   Generating RTL from CPU objects
Info: cpu: # 2019.10.22 15:45:13 (*)   Creating encrypted RTL
Info: cpu: # 2019.10.22 15:45:14 (*) Done Nios II generation
Info: cpu: Done RTL generation for module 'SD_nios2_gen2_0_cpu'
Info: cpu: "nios2_gen2_0" instantiated altera_nios2_gen2_unit "cpu"
Info: nios2_gen2_0_data_master_translator: "mm_interconnect_0" instantiated altera_merlin_master_translator "nios2_gen2_0_data_master_translator"
Info: jtag_uart_0_avalon_jtag_slave_translator: "mm_interconnect_0" instantiated altera_merlin_slave_translator "jtag_uart_0_avalon_jtag_slave_translator"
Info: nios2_gen2_0_data_master_agent: "mm_interconnect_0" instantiated altera_merlin_master_agent "nios2_gen2_0_data_master_agent"
Info: jtag_uart_0_avalon_jtag_slave_agent: "mm_interconnect_0" instantiated altera_merlin_slave_agent "jtag_uart_0_avalon_jtag_slave_agent"
Info: jtag_uart_0_avalon_jtag_slave_agent_rsp_fifo: "mm_interconnect_0" instantiated altera_avalon_sc_fifo "jtag_uart_0_avalon_jtag_slave_agent_rsp_fifo"
Info: router: "mm_interconnect_0" instantiated altera_merlin_router "router"
Info: router_001: "mm_interconnect_0" instantiated altera_merlin_router "router_001"
Info: router_002: "mm_interconnect_0" instantiated altera_merlin_router "router_002"
Info: router_003: "mm_interconnect_0" instantiated altera_merlin_router "router_003"
Info: router_005: "mm_interconnect_0" instantiated altera_merlin_router "router_005"
Info: nios2_gen2_0_data_master_limiter: "mm_interconnect_0" instantiated altera_merlin_traffic_limiter "nios2_gen2_0_data_master_limiter"
Info: Reusing file C:/Users/myps3/Documents/Quartus/HDMITest/SD/synthesis/submodules/altera_avalon_sc_fifo.v
Info: sdram_s1_burst_adapter: "mm_interconnect_0" instantiated altera_merlin_burst_adapter "sdram_s1_burst_adapter"
Info: Reusing file C:/Users/myps3/Documents/Quartus/HDMITest/SD/synthesis/submodules/altera_avalon_st_pipeline_base.v
Info: cmd_demux: "mm_interconnect_0" instantiated altera_merlin_demultiplexer "cmd_demux"
Info: cmd_demux_001: "mm_interconnect_0" instantiated altera_merlin_demultiplexer "cmd_demux_001"
Info: cmd_mux: "mm_interconnect_0" instantiated altera_merlin_multiplexer "cmd_mux"
Info: cmd_mux_001: "mm_interconnect_0" instantiated altera_merlin_multiplexer "cmd_mux_001"
Info: Reusing file C:/Users/myps3/Documents/Quartus/HDMITest/SD/synthesis/submodules/altera_merlin_arbitrator.sv
Info: rsp_demux: "mm_interconnect_0" instantiated altera_merlin_demultiplexer "rsp_demux"
Info: rsp_demux_001: "mm_interconnect_0" instantiated altera_merlin_demultiplexer "rsp_demux_001"
Info: rsp_mux: "mm_interconnect_0" instantiated altera_merlin_multiplexer "rsp_mux"
Info: Reusing file C:/Users/myps3/Documents/Quartus/HDMITest/SD/synthesis/submodules/altera_merlin_arbitrator.sv
Info: rsp_mux_001: "mm_interconnect_0" instantiated altera_merlin_multiplexer "rsp_mux_001"
Info: Reusing file C:/Users/myps3/Documents/Quartus/HDMITest/SD/synthesis/submodules/altera_merlin_arbitrator.sv
Info: sdram_s1_rsp_width_adapter: "mm_interconnect_0" instantiated altera_merlin_width_adapter "sdram_s1_rsp_width_adapter"
Info: Reusing file C:/Users/myps3/Documents/Quartus/HDMITest/SD/synthesis/submodules/altera_merlin_address_alignment.sv
Info: Reusing file C:/Users/myps3/Documents/Quartus/HDMITest/SD/synthesis/submodules/altera_merlin_burst_uncompressor.sv
Info: avalon_st_adapter: "mm_interconnect_0" instantiated altera_avalon_st_adapter "avalon_st_adapter"
Info: avalon_st_adapter_003: "mm_interconnect_0" instantiated altera_avalon_st_adapter "avalon_st_adapter_003"
Info: error_adapter_0: "avalon_st_adapter" instantiated error_adapter "error_adapter_0"
Info: error_adapter_0: "avalon_st_adapter_003" instantiated error_adapter "error_adapter_0"
Info: SD: Done "SD" with 34 modules, 62 files
Info: qsys-generate succeeded.
Info: Finished: Create HDL design files for synthesis
